This is pTeXk, Version 3.141592-p3.1.10 (euc) (Web2C 7.5.6) (format=platex 2015.4.23)  7 DEC 2017 17:02
 %&-line parsing enabled.
**rport2.euc
(./rport2.euc.tex
pLaTeX2e <2006/11/10>+0 (based on LaTeX2e <2005/12/01> patch level 0)
(/usr/share/texmf/ptex/platex/base/jarticle.cls
Document Class: jarticle 2006/06/27 v1.6 Standard pLaTeX class
\c@@paper=\count81
(/usr/share/texmf/ptex/platex/base/jsize10.clo
File: jsize10.clo 2006/06/27 v1.6 Standard pLaTeX file (size option)
)
\c@part=\count82
\c@section=\count83
\c@subsection=\count84
\c@subsubsection=\count85
\c@paragraph=\count86
\c@subparagraph=\count87
\c@figure=\count88
\c@table=\count89
\abovecaptionskip=\skip41
\belowcaptionskip=\skip42
\symmincho=\mathgroup4
LaTeX Font Info:    Overwriting symbol font `mincho' in version `bold'
(Font)                  JY1/mc/m/n --> JY1/gt/m/n on input line 601.
\toclineskip=\dimen118
\@lnumwidth=\dimen119
\bibindent=\dimen120
\heisei=\count90
) (./rport2.euc.aux)
\openout1 = `rport2.euc.aux'.

LaTeX Font Info:    Checking defaults for OML/cmm/m/it on input line 6.
LaTeX Font Info:    ... okay on input line 6.
LaTeX Font Info:    Checking defaults for T1/cmr/m/n on input line 6.
LaTeX Font Info:    ... okay on input line 6.
LaTeX Font Info:    Checking defaults for OT1/cmr/m/n on input line 6.
LaTeX Font Info:    ... okay on input line 6.
LaTeX Font Info:    Checking defaults for OMS/cmsy/m/n on input line 6.
LaTeX Font Info:    ... okay on input line 6.
LaTeX Font Info:    Checking defaults for OMX/cmex/m/n on input line 6.
LaTeX Font Info:    ... okay on input line 6.
LaTeX Font Info:    Checking defaults for U/cmr/m/n on input line 6.
LaTeX Font Info:    ... okay on input line 6.
LaTeX Font Info:    Checking defaults for JY1/mc/m/n on input line 6.
LaTeX Font Info:    ... okay on input line 6.
LaTeX Font Info:    Checking defaults for JT1/mc/m/n on input line 6.
LaTeX Font Info:    ... okay on input line 6.
LaTeX Font Info:    Font shape `JT1/mc/bx/n' in size <12> not available
(Font)              Font shape `JT1/gt/m/n' tried instead on input line 17.
LaTeX Font Info:    Font shape `JY1/mc/bx/n' in size <12> not available
(Font)              Font shape `JY1/gt/m/n' tried instead on input line 17.
LaTeX Font Info:    Try loading font information for OMS+cmr on input line 26.

(/usr/share/texmf/tex/latex/base/omscmr.fd
File: omscmr.fd 1999/05/25 v2.5h Standard LaTeX font definitions
)
LaTeX Font Info:    Font shape `OMS/cmr/m/n' in size <10> not available
(Font)              Font shape `OMS/cmsy/m/n' tried instead on input line 26.
 [1

]
Overfull \hbox (63.74605pt too wide) in paragraph at lines 112--112
 []    \OT1/cmtt/m/n/10 23  decsen: define IDEN ';' | array IDEN'['NUMBER']' ';
' | array IDEN'['IDEN']' ';'[] 
 []


Overfull \hbox (42.74623pt too wide) in paragraph at lines 112--112
 []    \OT1/cmtt/m/n/10 24  |array IDEN'['NUMBER']''['NUMBER']'';' | array IDEN
'['IDEN']''['IDEN']'';';[] 
 []


Overfull \hbox (21.74641pt too wide) in paragraph at lines 112--112
 []    \OT1/cmtt/m/n/10 27  asastate: IDEN '=' expression ';' | IDEN'['NUMBER']
' '=' expression ';'[] 
 []


Overfull \hbox (5.99655pt too wide) in paragraph at lines 112--112
 []    \OT1/cmtt/m/n/10 50  forsen: FOR '('asastate  condition ';' asastate ')'
 '{'sentences'}';[] 
 []

[2] [3] (./rport2.euc.aux) ) 
Here is how much of TeX's memory you used:
 279 strings out of 257674
 2895 string characters out of 1941521
 54023 words of memory out of 1500000
 3515 multiletter control sequences out of 10000+200000
 9046 words of font info for 37 fonts, out of 1200000 for 2000
 14 hyphenation exceptions out of 8191
 22i,4n,19p,188b,500s stack positions out of 5000i,500n,6000p,200000b,15000s

Output written on rport2.euc.dvi (3 pages, 4132 bytes).
